<?xml version="1.0" encoding="UTF-8"?>
<!-- Generated by org.testng.reporters.JUnitXMLReporter -->
<testsuite hostname="A2ML22312" ignored="0" name="Test" tests="3" failures="0" timestamp="05 Jun 2018 13:11:54 GMT" time="22.488" errors="0">
  <testcase name="testScenarios" time="10.382" classname="com.mindtree.sfdc.Script.MainTest"/>
  <testcase name="testScenarios" time="0.001" classname="com.mindtree.sfdc.Script.MainTest">
    <skipped/>
  </testcase> <!-- testScenarios -->
  <testcase name="testScenarios" time="9.501" classname="com.mindtree.sfdc.Script.MainTest"/>
</testsuite> <!-- Test -->
