-------------------------------------------------------------------------------
Test set: TestSuite
-------------------------------------------------------------------------------
Tests run: 4, Failures: 1, Errors: 0, Skipped: 1, Time elapsed: 40.547 sec <<< FAILURE! - in TestSuite
endFrameWork(com.mindtree.sfdc.Script.MainTest)  Time elapsed: 11.484 sec  <<< FAILURE!
java.lang.IllegalArgumentException: D:\Automation\Training\Framework\SalesForce\csv does not exist

