<?xml version="1.0" encoding="UTF-8"?>
<testsuite xmlns:xsi="http://www.w3.org/2001/XMLSchema-instance" xsi:schemaLocation="https://maven.apache.org/surefire/maven-surefire-plugin/xsd/surefire-test-report.xsd" name="TestSuite" time="40.547" tests="4" errors="0" skipped="1" failures="1">
  <properties>
[...]
</properties>
  <testcase name="testScenarios" classname="com.mindtree.sfdc.Script.MainTest" time="10.383"/>
  <testcase name="testScenarios" classname="com.mindtree.sfdc.Script.MainTest" time="0">
    <skipped message="Skipping Scenario as execution status is &apos;NO&apos;"/>
  </testcase>
  <testcase name="testScenarios" classname="com.mindtree.sfdc.Script.MainTest" time="9.501"/>
  <testcase name="endFrameWork" classname="com.mindtree.sfdc.Script.MainTest" time="11.484">
    <failure message="D:\Automation\Training\Framework\SalesForce\csv does not exist" type="java.lang.IllegalArgumentException">java.lang.IllegalArgumentException: D:\Automation\Training\Framework\SalesForce\csv does not exist
</failure>
    <system-out><![CDATA[Loggedout successfully
]]></system-out>
  </testcase>
</testsuite>